# JRE version: Java(TM) SE Runtime Environment (8.0_20-b26) (build 1.8.0_20-b26)
# Java VM: Java HotSpot(TM) 64-Bit Server VM (25.20-b23 mixed mode windows-amd64 compressed oops)
Heap:
 PSYoungGen      total 73216K, used 21602K [0x00000000eab00000, 0x00000000efa00000, 0x0000000100000000)
  eden space 65536K, 32% used [0x00000000eab00000,0x00000000ec018870,0x00000000eeb00000)
  from space 7680K, 0% used [0x00000000ef280000,0x00000000ef280000,0x00000000efa00000)
  to   space 7680K, 0% used [0x00000000eeb00000,0x00000000eeb00000,0x00000000ef280000)
 ParOldGen       total 34304K, used 7954K [0x00000000c0000000, 0x00000000c2180000, 0x00000000eab00000)
  object space 34304K, 23% used [0x00000000c0000000,0x00000000c07c4b20,0x00000000c2180000)
 Metaspace       used 21860K, capacity 22046K, committed 22400K, reserved 1069056K
  class space    used 2748K, capacity 2823K, committed 2944K, reserved 1048576K
GC Heap History (10 events):
Event: 2.688 GC heap before
{Heap before GC invocations=3 (full 0):
 PSYoungGen      total 18944K, used 18873K [0x00000000eab00000, 0x00000000ed000000, 0x0000000100000000)
  eden space 16384K, 100% used [0x00000000eab00000,0x00000000ebb00000,0x00000000ebb00000)
  from space 2560K, 97% used [0x00000000ebd80000,0x00000000ebfee790,0x00000000ec000000)
  to   space 2560K, 0% used [0x00000000ebb00000,0x00000000ebb00000,0x00000000ebd80000)
 ParOldGen       total 44032K, used 525K [0x00000000c0000000, 0x00000000c2b00000, 0x00000000eab00000)
  object space 44032K, 1% used [0x00000000c0000000,0x00000000c0083718,0x00000000c2b00000)
 Metaspace       used 11943K, capacity 12042K, committed 12416K, reserved 1060864K
  class space    used 1560K, capacity 1585K, committed 1664K, reserved 1048576K
Event: 2.700 GC heap after
Heap after GC invocations=3 (full 0):
 PSYoungGen      total 18944K, used 2554K [0x00000000eab00000, 0x00000000ed000000, 0x0000000100000000)
  eden space 16384K, 0% used [0x00000000eab00000,0x00000000eab00000,0x00000000ebb00000)
  from space 2560K, 99% used [0x00000000ebb00000,0x00000000ebd7eac0,0x00000000ebd80000)
  to   space 2560K, 0% used [0x00000000ecd80000,0x00000000ecd80000,0x00000000ed000000)
 ParOldGen       total 44032K, used 2351K [0x00000000c0000000, 0x00000000c2b00000, 0x00000000eab00000)
  object space 44032K, 5% used [0x00000000c0000000,0x00000000c024bf88,0x00000000c2b00000)
 Metaspace       used 11943K, capacity 12042K, committed 12416K, reserved 1060864K
  class space    used 1560K, capacity 1585K, committed 1664K, reserved 1048576K
}
Event: 3.578 GC heap before
{Heap before GC invocations=4 (full 0):
 PSYoungGen      total 18944K, used 18938K [0x00000000eab00000, 0x00000000ed000000, 0x0000000100000000)
  eden space 16384K, 100% used [0x00000000eab00000,0x00000000ebb00000,0x00000000ebb00000)
  from space 2560K, 99% used [0x00000000ebb00000,0x00000000ebd7eac0,0x00000000ebd80000)
  to   space 2560K, 0% used [0x00000000ecd80000,0x00000000ecd80000,0x00000000ed000000)
 ParOldGen       total 44032K, used 2351K [0x00000000c0000000, 0x00000000c2b00000, 0x00000000eab00000)
  object space 44032K, 5% used [0x00000000c0000000,0x00000000c024bf88,0x00000000c2b00000)
 Metaspace       used 15835K, capacity 16004K, committed 16256K, reserved 1062912K
  class space    used 2049K, capacity 2138K, committed 2176K, reserved 1048576K
Event: 3.605 GC heap after
Heap after GC invocations=4 (full 0):
 PSYoungGen      total 35328K, used 2549K [0x00000000eab00000, 0x00000000ed000000, 0x0000000100000000)
  eden space 32768K, 0% used [0x00000000eab00000,0x00000000eab00000,0x00000000ecb00000)
  from space 2560K, 99% used [0x00000000ecd80000,0x00000000ecffd730,0x00000000ed000000)
  to   space 2560K, 0% used [0x00000000ecb00000,0x00000000ecb00000,0x00000000ecd80000)
 ParOldGen       total 44032K, used 5167K [0x00000000c0000000, 0x00000000c2b00000, 0x00000000eab00000)
  object space 44032K, 11% used [0x00000000c0000000,0x00000000c050bde8,0x00000000c2b00000)
 Metaspace       used 15835K, capacity 16004K, committed 16256K, reserved 1062912K
  class space    used 2049K, capacity 2138K, committed 2176K, reserved 1048576K
}
Event: 5.160 GC heap before
{Heap before GC invocations=5 (full 0):
 PSYoungGen      total 35328K, used 35317K [0x00000000eab00000, 0x00000000ed000000, 0x0000000100000000)
  eden space 32768K, 100% used [0x00000000eab00000,0x00000000ecb00000,0x00000000ecb00000)
  from space 2560K, 99% used [0x00000000ecd80000,0x00000000ecffd730,0x00000000ed000000)
  to   space 2560K, 0% used [0x00000000ecb00000,0x00000000ecb00000,0x00000000ecd80000)
 ParOldGen       total 44032K, used 5167K [0x00000000c0000000, 0x00000000c2b00000, 0x00000000eab00000)
  object space 44032K, 11% used [0x00000000c0000000,0x00000000c050bde8,0x00000000c2b00000)
 Metaspace       used 20484K, capacity 20656K, committed 20864K, reserved 1067008K
  class space    used 2615K, capacity 2688K, committed 2688K, reserved 1048576K
Event: 5.177 GC heap after
Heap after GC invocations=5 (full 0):
 PSYoungGen      total 35328K, used 2550K [0x00000000eab00000, 0x00000000efa00000, 0x0000000100000000)
  eden space 32768K, 0% used [0x00000000eab00000,0x00000000eab00000,0x00000000ecb00000)
  from space 2560K, 99% used [0x00000000ecb00000,0x00000000ecd7db70,0x00000000ecd80000)
  to   space 7680K, 0% used [0x00000000ef280000,0x00000000ef280000,0x00000000efa00000)
 ParOldGen       total 44032K, used 9310K [0x00000000c0000000, 0x00000000c2b00000, 0x00000000eab00000)
  object space 44032K, 21% used [0x00000000c0000000,0x00000000c0917b48,0x00000000c2b00000)
 Metaspace       used 20484K, capacity 20656K, committed 20864K, reserved 1067008K
  class space    used 2615K, capacity 2688K, committed 2688K, reserved 1048576K
}
Event: 5.296 GC heap before
{Heap before GC invocations=6 (full 0):
 PSYoungGen      total 35328K, used 6509K [0x00000000eab00000, 0x00000000efa00000, 0x0000000100000000)
  eden space 32768K, 12% used [0x00000000eab00000,0x00000000eaedda98,0x00000000ecb00000)
  from space 2560K, 99% used [0x00000000ecb00000,0x00000000ecd7db70,0x00000000ecd80000)
  to   space 7680K, 0% used [0x00000000ef280000,0x00000000ef280000,0x00000000efa00000)
 ParOldGen       total 44032K, used 9310K [0x00000000c0000000, 0x00000000c2b00000, 0x00000000eab00000)
  object space 44032K, 21% used [0x00000000c0000000,0x00000000c0917b48,0x00000000c2b00000)
 Metaspace       used 20910K, capacity 21040K, committed 21248K, reserved 1067008K
  class space    used 2674K, capacity 2752K, committed 2816K, reserved 1048576K
Event: 5.305 GC heap after
Heap after GC invocations=6 (full 0):
 PSYoungGen      total 73216K, used 3061K [0x00000000eab00000, 0x00000000efa00000, 0x0000000100000000)
  eden space 65536K, 0% used [0x00000000eab00000,0x00000000eab00000,0x00000000eeb00000)
  from space 7680K, 39% used [0x00000000ef280000,0x00000000ef57d738,0x00000000efa00000)
  to   space 7680K, 0% used [0x00000000eeb00000,0x00000000eeb00000,0x00000000ef280000)
 ParOldGen       total 44032K, used 9310K [0x00000000c0000000, 0x00000000c2b00000, 0x00000000eab00000)
  object space 44032K, 21% used [0x00000000c0000000,0x00000000c0917b48,0x00000000c2b00000)
 Metaspace       used 20910K, capacity 21040K, committed 21248K, reserved 1067008K
  class space    used 2674K, capacity 2752K, committed 2816K, reserved 1048576K
}
Event: 5.306 GC heap before
{Heap before GC invocations=7 (full 1):
 PSYoungGen      total 73216K, used 3061K [0x00000000eab00000, 0x00000000efa00000, 0x0000000100000000)
  eden space 65536K, 0% used [0x00000000eab00000,0x00000000eab00000,0x00000000eeb00000)
  from space 7680K, 39% used [0x00000000ef280000,0x00000000ef57d738,0x00000000efa00000)
  to   space 7680K, 0% used [0x00000000eeb00000,0x00000000eeb00000,0x00000000ef280000)
 ParOldGen       total 44032K, used 9310K [0x00000000c0000000, 0x00000000c2b00000, 0x00000000eab00000)
  object space 44032K, 21% used [0x00000000c0000000,0x00000000c0917b48,0x00000000c2b00000)
 Metaspace       used 20910K, capacity 21040K, committed 21248K, reserved 1067008K
  class space    used 2674K, capacity 2752K, committed 2816K, reserved 1048576K
Event: 5.375 GC heap after
Heap after GC invocations=7 (full 1):
 PSYoungGen      total 73216K, used 0K [0x00000000eab00000, 0x00000000efa00000, 0x0000000100000000)
  eden space 65536K, 0% used [0x00000000eab00000,0x00000000eab00000,0x00000000eeb00000)
  from space 7680K, 0% used [0x00000000ef280000,0x00000000ef280000,0x00000000efa00000)
  to   space 7680K, 0% used [0x00000000eeb00000,0x00000000eeb00000,0x00000000ef280000)
 ParOldGen       total 34304K, used 7954K [0x00000000c0000000, 0x00000000c2180000, 0x00000000eab00000)
  object space 34304K, 23% used [0x00000000c0000000,0x00000000c07c4b20,0x00000000c2180000)
 Metaspace       used 20908K, capacity 21038K, committed 21248K, reserved 1067008K
  class space    used 2674K, capacity 2751K, committed 2816K, reserved 1048576K
}

